[35m[1mScanning dependencies of target main[0m
[ 50%] [32mBuilding CXX object CMakeFiles/main.dir/main.cpp.o[0m
[01m[K/home/nambags/CMU/planning/project/safeparking_ws/src/fap_planner/main.cpp:[m[K In function â€˜[01m[Kint main(int, char**)[m[Kâ€™:
[01m[K/home/nambags/CMU/planning/project/safeparking_ws/src/fap_planner/main.cpp:110:34:[m[K [01;31m[Kerror: [m[Kâ€˜[01m[Kgeometry_msgs::PoseArray[m[Kâ€™ {aka â€˜[01m[Kstruct geometry_msgs::PoseArray_<std::allocator<void> >[m[Kâ€™} has no member named â€˜[01m[Kpush_back[m[Kâ€™
  110 |                 robot_pose_array.[01;31m[Kpush_back[m[K(robot_pose);
      |                                  [01;31m[K^~~~~~~~~[m[K
make[2]: *** [CMakeFiles/main.dir/build.make:63: CMakeFiles/main.dir/main.cpp.o] Error 1
make[1]: *** [CMakeFiles/Makefile2:430: CMakeFiles/main.dir/all] Error 2
make: *** [Makefile:141: all] Error 2
